<?xml version="1.0" encoding="UTF-8"?>
<!-- Generated by org.testng.reporters.JUnitReportReporter -->
<testsuite hostname="DESKTOP-UT4RCQ5" failures="0" tests="1" name="Testcases.Facebooktestcase" time="3.014" errors="0" timestamp="2024-05-28T09:54:35 PDT" skipped="0">
  <testcase classname="Testcases.Facebooktestcase" name="login" time="3.014"/>
  <system-out/>
</testsuite> <!-- Testcases.Facebooktestcase -->
