<?xml version="1.0" encoding="UTF-8"?>
<!-- Generated by org.testng.reporters.JUnitReportReporter -->
<testsuite hostname="DESKTOP-UT4RCQ5" failures="0" tests="1" name="testng.FacebookTest" time="5.364" errors="0" timestamp="2024-05-22T11:50:00 PDT" skipped="0">
  <testcase classname="testng.FacebookTest" name="f" time="5.364"/>
  <system-out/>
</testsuite> <!-- testng.FacebookTest -->
