<?xml version="1.0" encoding="UTF-8"?>
<!-- Generated by org.testng.reporters.JUnitReportReporter -->
<testsuite hostname="DESKTOP-UT4RCQ5" failures="0" tests="1" name="testng.RediffTest" time="17.816" errors="0" timestamp="2024-05-22T11:50:00 PDT" skipped="0">
  <testcase classname="testng.RediffTest" name="f" time="17.816"/>
  <system-out/>
</testsuite> <!-- testng.RediffTest -->
