<?xml version="1.0" encoding="UTF-8"?>
<!-- Generated by org.testng.reporters.JUnitReportReporter -->
<testsuite hostname="DESKTOP-UT4RCQ5" failures="0" tests="1" name="testng.NewTest" time="5.400" errors="0" timestamp="2024-05-22T11:00:08 PDT" skipped="0">
  <testcase classname="testng.NewTest" name="f" time="5.400"/>
  <system-out/>
</testsuite> <!-- testng.NewTest -->
